<?xml version="1.0" encoding="UTF-8"?>
<!-- Generated by org.testng.reporters.JUnitReportReporter -->
<testsuite skipped="0" hostname="DESKTOP-5RMPR4H" name="com.naukri.ApplicationtestNaukari" tests="1" failures="0" timestamp="08 Aug 2018 20:52:04 GMT" time="5.590" errors="0">
  <testcase name="signupnaukari" time="5.590" classname="com.naukri.ApplicationtestNaukari"/>
</testsuite> <!-- com.naukri.ApplicationtestNaukari -->
